=== GAME DEBUG LOG ===
Configuration: Blue(+0 HP, +0 Ammo, +0 Grenades)
Configuration: Orange(+0 HP, +0 Ammo, +0 Grenades)

T0: B[C(2,2);M(2,4);P(2,6);W0(3,3)hp=100;W1(3,5)hp=100] O[C(45,6);M(45,5);P(45,3);W0(44,5)hp=100;W1(44,3)hp=100]
T1: B[C(2,2);M(2,4);P(2,6);W0(3,2)hp=100;W1(3,6)hp=100] O[C(45,6);M(45,5);P(45,3);W0(43,5)hp=100;W1(43,3)hp=100]
T2: B[C(2,2);M(2,4);P(2,6);W0(3,1)hp=100;W1(4,6)hp=100] O[C(45,6);M(45,5);P(45,3);W0(42,5)hp=100;W1(42,3)hp=100]
T3: B[C(2,2);M(2,4);P(2,6);W0(4,1)hp=100;W1(5,6)hp=100] O[C(45,6);M(45,5);P(45,3);W0(41,5)hp=100;W1(41,3)hp=100]
T4: B[C(2,2);M(2,4);P(2,6);W0(5,1)hp=100;W1(6,6)hp=100] O[C(45,6);M(45,5);P(45,3);W0(41,6)hp=100;W1(41,2)hp=100]
T5: B[C(2,2);M(2,4);P(2,6);W0(6,1)hp=100;W1(7,6)hp=100] O[C(45,6);M(45,5);P(45,3);W0(40,6)hp=100;W1(40,2)hp=100]
T6: B[C(2,2);M(2,4);P(2,6);W0(7,1)hp=100;W1(8,6)hp=100] O[C(45,6);M(45,5);P(45,3);W0(39,6)hp=100;W1(39,2)hp=100]
T7: B[C(2,2);M(2,4);P(2,6);W0(8,1)hp=100;W1(9,6)hp=100] O[C(45,6);M(45,5);P(45,3);W0(38,6)hp=100;W1(38,2)hp=100]
T8: B[C(2,2);M(2,4);P(2,6);W0(9,1)hp=100;W1(10,6)hp=100] O[C(45,6);M(45,5);P(45,3);W0(37,6)hp=100;W1(37,2)hp=100]
T9: B[C(2,2);M(2,4);P(2,6);W0(10,1)hp=100;W1(11,6)hp=100] O[C(45,6);M(45,5);P(45,3);W0(36,6)hp=100;W1(36,2)hp=100]
T10: B[C(2,2);M(2,4);P(2,6);W0(11,1)hp=100;W1(12,6)hp=100] O[C(45,6);M(45,5);P(45,3);W0(35,6)hp=100;W1(35,2)hp=100]
T11: B[C(2,2);M(2,4);P(2,6);W0(12,1)hp=100;W1(13,6)hp=100] O[C(45,6);M(45,5);P(45,3);W0(34,6)hp=100;W1(34,2)hp=100]
T12: B[C(2,2);M(2,4);P(2,6);W0(13,1)hp=100;W1(14,6)hp=100] O[C(45,6);M(45,5);P(45,3);W0(33,6)hp=100;W1(33,2)hp=100]
T13: B[C(2,2);M(2,4);P(2,6);W0(14,1)hp=100;W1(15,6)hp=100] O[C(45,6);M(45,5);P(45,3);W0(32,6)hp=100;W1(32,2)hp=100]
T14: B[C(2,2);M(2,4);P(2,6);W0(15,1)hp=100;W1(16,6)hp=100] O[C(45,6);M(45,5);P(45,3);W0(31,6)hp=100;W1(31,2)hp=100]
T15: B[C(2,2);M(2,4);P(2,6);W0(16,1)hp=100;W1(17,6)hp=100] O[C(45,6);M(45,5);P(45,3);W0(30,6)hp=100;W1(30,2)hp=100]
T16: B[C(2,2);M(2,4);P(2,6);W0(17,1)hp=100;W1(18,6)hp=100] O[C(45,6);M(45,5);P(45,3);W0(29,6)hp=100;W1(29,2)hp=100]
T17: B[C(2,2);M(2,4);P(2,6);W0(18,1)hp=100;W1(19,6)hp=100] O[C(45,6);M(45,5);P(45,3);W0(28,6)hp=100;W1(28,2)hp=100]
T18: B[C(2,2);M(2,4);P(2,6);W0(18,2)hp=100;W1(20,6)hp=100] O[C(45,6);M(45,5);P(45,3);W0(27,6)hp=100;W1(28,1)hp=100]
T19: B[C(2,2);M(2,4);P(2,6);W0(18,1)hp=100;W1(21,6)hp=100] O[C(45,6);M(45,5);P(45,3);W0(26,6)hp=100;W1(28,2)hp=100]
T20: B[C(2,2);M(2,4);P(2,6);W0(18,2)hp=100;W1(21,6)hp=80] O[C(45,6);M(45,5);P(45,3);W0(26,6)hp=80;W1(28,1)hp=100]
T21: B[C(2,2);M(2,4);P(2,6);W0(18,1)hp=100;W1(21,6)hp=60] O[C(45,6);M(45,5);P(45,3);W0(26,6)hp=60;W1(28,2)hp=100]
T22: B[C(2,2);M(2,4);P(2,6);W0(18,2)hp=100;W1(21,6)hp=40] O[C(45,6);M(45,5);P(45,3);W0(26,6)hp=40;W1(28,1)hp=100]
T23: B[C(2,2);M(3,4);P(2,6);W0(18,1)hp=100;W1(21,6)hp=20] O[C(45,6);M(46,5);P(45,3);W0(26,6)hp=20;W1(28,2)hp=100]
T24: B[C(2,2);M(3,5);P(2,6);W0(18,2)hp=100;W1(20,6)hp=20] O[C(45,6);M(46,6);P(45,3);W0(27,6)hp=20;W1(28,1)hp=100]
T25: B[C(2,2);M(3,6);P(2,6);W0(18,1)hp=100;W1(19,6)hp=20] O[C(45,6);M(46,6);P(45,3);W0(28,6)hp=20;W1(28,2)hp=100]
T26: B[C(2,2);M(4,6);P(2,6);W0(18,2)hp=100;W1(19,6)hp=20] O[C(45,6);M(45,6);P(45,3);W0(28,6)hp=20;W1(28,1)hp=100]
T27: B[C(2,2);M(5,6);P(2,6);W0(18,1)hp=100;W1(19,6)hp=20] O[C(45,6);M(44,6);P(45,3);W0(28,6)hp=20;W1(28,2)hp=100]
T28: B[C(2,2);M(6,6);P(2,6);W0(18,2)hp=100;W1(19,6)hp=20] O[C(45,6);M(43,6);P(45,3);W0(28,6)hp=20;W1(28,1)hp=100]
T29: B[C(2,2);M(6,6);P(2,6);W0(18,1)hp=100;W1(19,6)hp=20] O[C(45,6);M(42,6);P(45,3);W0(28,6)hp=20;W1(28,2)hp=100]
T30: B[C(2,2);M(7,6);P(2,6);W0(18,2)hp=100;W1(19,6)hp=20] O[C(45,6);M(41,6);P(45,3);W0(28,6)hp=20;W1(28,1)hp=100]
T31: B[C(2,2);M(8,6);P(2,6);W0(18,1)hp=100;W1(19,6)hp=20] O[C(45,6);M(40,6);P(45,3);W0(28,6)hp=20;W1(28,2)hp=100]
T32: B[C(2,2);M(9,6);P(2,6);W0(18,2)hp=100;W1(19,6)hp=20] O[C(45,6);M(39,6);P(45,3);W0(28,6)hp=20;W1(28,1)hp=100]
T33: B[C(2,2);M(10,6);P(2,6);W0(18,1)hp=100;W1(19,6)hp=20] O[C(45,6);M(38,6);P(45,3);W0(28,6)hp=20;W1(28,2)hp=100]
T34: B[C(2,2);M(11,6);P(2,6);W0(18,2)hp=100;W1(19,6)hp=20] O[C(45,6);M(37,6);P(45,3);W0(28,6)hp=20;W1(28,1)hp=100]
T35: B[C(2,2);M(12,6);P(2,6);W0(18,1)hp=100;W1(19,6)hp=20] O[C(45,6);M(36,6);P(45,3);W0(28,6)hp=20;W1(28,2)hp=100]
T36: B[C(2,2);M(13,6);P(2,6);W0(18,2)hp=100;W1(19,6)hp=20] O[C(45,6);M(35,6);P(45,3);W0(28,6)hp=20;W1(28,1)hp=100]
T37: B[C(2,2);M(14,6);P(2,6);W0(18,1)hp=100;W1(19,6)hp=20] O[C(45,6);M(34,6);P(45,3);W0(28,6)hp=20;W1(28,2)hp=100]
T38: B[C(2,2);M(15,6);P(2,6);W0(18,2)hp=100;W1(19,6)hp=20] O[C(45,6);M(33,6);P(45,3);W0(28,6)hp=20;W1(28,1)hp=100]
T39: B[C(2,2);M(16,6);P(2,6);W0(18,1)hp=100;W1(19,6)hp=20] O[C(45,6);M(32,6);P(45,3);W0(28,6)hp=20;W1(28,2)hp=100]
T40: B[C(2,2);M(17,6);P(2,6);W0(18,2)hp=100;W1(19,6)hp=20] O[C(45,6);M(31,6);P(45,3);W0(28,6)hp=20;W1(28,1)hp=100]
T41: B[C(2,2);M(18,6);P(2,6);W0(18,1)hp=100;W1(19,6)hp=20] O[C(45,6);M(30,6);P(45,3);W0(28,6)hp=20;W1(28,2)hp=100]
T42: B[C(2,2);M(18,6);P(2,6);W0(18,2)hp=100;W1(20,6)hp=100] O[C(45,6);M(29,6);P(45,3);W0(28,6)hp=20;W1(28,1)hp=100]
T43: B[C(2,2);M(18,6);P(2,6);W0(18,1)hp=100;W1(21,6)hp=100] O[C(45,6);M(29,6);P(45,3);W0(27,6)hp=100;W1(28,2)hp=100]
T44: B[C(2,2);M(18,6);P(2,6);W0(18,2)hp=100;W1(21,6)hp=80] O[C(45,6);M(29,6);P(45,3);W0(27,6)hp=80;W1(28,1)hp=100]
T45: B[C(2,2);M(18,6);P(2,6);W0(18,1)hp=100;W1(21,6)hp=60] O[C(45,6);M(29,6);P(45,3);W0(27,6)hp=60;W1(28,2)hp=100]
T46: B[C(2,2);M(18,6);P(2,6);W0(18,2)hp=100;W1(21,6)hp=40] O[C(45,6);M(29,6);P(45,3);W0(27,6)hp=40;W1(28,1)hp=100]
T47: B[C(2,2);M(17,6);P(2,6);W0(18,1)hp=100;W1(21,6)hp=20] O[C(45,6);M(30,6);P(45,3);W0(27,6)hp=20;W1(28,2)hp=100]
T48: B[C(2,2);M(16,6);P(2,6);W0(18,2)hp=100;W1(20,6)hp=20] O[C(45,6);M(31,6);P(45,3);W0(28,6)hp=20;W1(28,1)hp=100]
T49: B[C(2,2);M(15,6);P(2,6);W0(18,1)hp=100;W1(19,6)hp=20] O[C(45,6);M(32,6);P(45,3);W0(28,6)hp=20;W1(28,2)hp=100]
T50: B[C(2,2);M(14,6);P(2,6);W0(18,2)hp=100;W1(19,6)hp=20] O[C(45,6);M(33,6);P(45,3);W0(28,6)hp=20;W1(28,1)hp=100]
T51: B[C(2,2);M(13,6);P(2,6);W0(18,1)hp=100;W1(19,6)hp=20] O[C(45,6);M(34,6);P(45,3);W0(28,6)hp=20;W1(28,2)hp=100]
T52: B[C(2,2);M(12,6);P(2,6);W0(18,2)hp=100;W1(19,6)hp=20] O[C(45,6);M(35,6);P(45,3);W0(28,6)hp=20;W1(28,1)hp=100]
T53: B[C(2,2);M(11,6);P(2,6);W0(18,1)hp=100;W1(19,6)hp=20] O[C(45,6);M(36,6);P(45,3);W0(28,6)hp=20;W1(28,2)hp=100]
T54: B[C(2,2);M(10,6);P(2,6);W0(18,2)hp=100;W1(19,6)hp=20] O[C(45,6);M(37,6);P(45,3);W0(28,6)hp=20;W1(28,1)hp=100]
T55: B[C(2,2);M(9,6);P(2,6);W0(18,1)hp=100;W1(19,6)hp=20] O[C(45,6);M(38,6);P(45,3);W0(28,6)hp=20;W1(28,2)hp=100]
T56: B[C(2,2);M(8,6);P(2,6);W0(18,2)hp=100;W1(19,6)hp=20] O[C(45,6);M(39,6);P(45,3);W0(28,6)hp=20;W1(28,1)hp=100]
T57: B[C(2,2);M(7,6);P(2,6);W0(18,1)hp=100;W1(19,6)hp=20] O[C(45,6);M(40,6);P(45,3);W0(28,6)hp=20;W1(28,2)hp=100]
T58: B[C(2,2);M(6,6);P(2,6);W0(18,2)hp=100;W1(19,6)hp=20] O[C(45,6);M(41,6);P(45,3);W0(28,6)hp=20;W1(28,1)hp=100]
T59: B[C(2,2);M(6,6);P(2,6);W0(18,1)hp=100;W1(19,6)hp=20] O[C(45,6);M(42,6);P(45,3);W0(28,6)hp=20;W1(28,2)hp=100]
T60: B[C(2,2);M(7,6);P(2,6);W0(18,2)hp=100;W1(19,6)hp=20] O[C(45,6);M(43,6);P(45,3);W0(28,6)hp=20;W1(28,1)hp=100]
T61: B[C(2,2);M(8,6);P(2,6);W0(18,1)hp=100;W1(19,6)hp=20] O[C(45,6);M(44,6);P(45,3);W0(28,6)hp=20;W1(28,2)hp=100]
T62: B[C(2,2);M(9,6);P(2,6);W0(18,2)hp=100;W1(19,6)hp=20] O[C(45,6);M(45,6);P(45,3);W0(28,6)hp=20;W1(28,1)hp=100]
T63: B[C(2,2);M(10,6);P(2,6);W0(18,1)hp=100;W1(19,6)hp=20] O[C(45,6);M(46,6);P(45,3);W0(28,6)hp=20;W1(28,2)hp=100]
T64: B[C(2,2);M(11,6);P(2,6);W0(18,2)hp=100;W1(19,6)hp=20] O[C(45,6);M(46,6);P(45,3);W0(28,6)hp=20;W1(28,1)hp=100]
T65: B[C(2,2);M(12,6);P(2,6);W0(18,1)hp=100;W1(19,6)hp=20] O[C(45,6);M(45,6);P(45,3);W0(28,6)hp=20;W1(28,2)hp=100]
T66: B[C(2,2);M(13,6);P(2,6);W0(18,2)hp=100;W1(19,6)hp=20] O[C(45,6);M(44,6);P(45,3);W0(28,6)hp=20;W1(28,1)hp=100]
T67: B[C(2,2);M(14,6);P(2,6);W0(18,1)hp=100;W1(19,6)hp=20] O[C(45,6);M(43,6);P(45,3);W0(28,6)hp=20;W1(28,2)hp=100]
T68: B[C(2,2);M(15,6);P(2,6);W0(18,2)hp=100;W1(19,6)hp=5] O[C(45,6);M(42,6);P(45,3);W0(28,6)hp=5;W1(28,1)hp=100]
T69: B[C(2,2);M(16,6);P(2,6);W0(18,1)hp=85;W1(19,6)hp=0*] O[C(45,6);M(41,6);P(45,3);W0(28,6)hp=0*;W1(28,2)hp=100]
T70: B[C(2,2);M(17,6);P(2,6);W0(18,2)hp=85;W1(19,6)hp=0*] O[C(45,6);M(40,6);P(45,3);W0(28,6)hp=0*;W1(28,1)hp=85]
T71: B[C(2,2);M(18,6);P(2,6);W0(18,1)hp=70;W1(19,6)hp=0*] O[C(45,6);M(39,6);P(45,3);W0(28,6)hp=0*;W1(28,2)hp=85]
T72: B[C(2,2);M(18,6);P(2,6);W0(18,2)hp=70;W1(20,6)hp=100] O[C(45,6);M(38,6);P(45,3);W0(28,6)hp=0*;W1(28,1)hp=70]
T73: B[C(2,2);M(18,6);P(2,6);W0(18,1)hp=55;W1(21,6)hp=100] O[C(45,6);M(37,6);P(45,3);W0(28,6)hp=0*;W1(28,2)hp=70]
T74: B[C(2,2);M(17,6);P(2,6);W0(18,2)hp=55;W1(22,6)hp=100] O[C(45,6);M(36,6);P(45,3);W0(28,6)hp=0*;W1(28,1)hp=55]
T75: B[C(2,2);M(16,6);P(2,6);W0(18,1)hp=40;W1(22,6)hp=100] O[C(45,6);M(35,6);P(45,3);W0(28,6)hp=0*;W1(28,2)hp=55]
T76: B[C(2,2);M(15,6);P(2,6);W0(18,2)hp=40;W1(22,6)hp=85] O[C(45,6);M(34,6);P(45,3);W0(28,6)hp=0*;W1(28,3)hp=40]
T77: B[C(2,2);M(14,6);P(2,6);W0(19,2)hp=40;W1(22,6)hp=70] O[C(45,6);M(33,6);P(45,3);W0(28,6)hp=0*;W1(28,4)hp=25]
T78: B[C(2,2);M(13,6);P(2,6);W0(19,3)hp=40;W1(22,6)hp=70] O[C(45,6);M(32,6);P(45,3);W0(28,6)hp=0*;W1(29,4)hp=25]
T79: B[C(2,2);M(12,6);P(2,6);W0(19,4)hp=40;W1(22,6)hp=70] O[C(45,6);M(31,6);P(45,3);W0(28,6)hp=0*;W1(30,4)hp=25]
T80: B[C(2,2);M(11,6);P(2,6);W0(19,5)hp=40;W1(22,6)hp=70] O[C(45,6);M(30,6);P(45,3);W0(28,6)hp=0*;W1(30,4)hp=25]
T81: B[C(2,2);M(10,6);P(2,6);W0(19,6)hp=40;W1(22,6)hp=70] O[C(45,6);M(29,6);P(45,3);W0(28,6)hp=0*;W1(30,4)hp=25]
T82: B[C(2,2);M(9,6);P(2,6);W0(20,6)hp=40;W1(22,6)hp=50] O[C(45,6);M(29,6);P(45,3);W0(28,6)hp=80;W1(30,4)hp=25]
T83: B[C(2,2);M(8,6);P(2,6);W0(21,6)hp=40;W1(22,6)hp=30] O[C(45,6);M(29,6);P(45,3);W0(28,6)hp=60;W1(30,4)hp=25]
T84: B[C(2,2);M(7,6);P(2,6);W0(22,6)hp=20;W1(22,6)hp=30] O[C(45,6);M(30,6);P(45,3);W0(28,6)hp=20;W1(31,4)hp=25]
T85: B[C(2,2);M(6,6);P(2,6);W0(21,6)hp=20;W1(22,6)hp=30] O[C(45,6);M(31,6);P(45,3);W0(29,6)hp=20;W1(31,4)hp=25]
T86: B[C(2,2);M(6,6);P(2,6);W0(21,6)hp=20;W1(23,6)hp=30] O[C(45,6);M(32,6);P(45,3);W0(30,6)hp=20;W1(31,4)hp=25]
T87: B[C(2,2);M(7,6);P(2,6);W0(21,6)hp=20;W1(24,6)hp=30] O[C(45,6);M(33,6);P(45,3);W0(31,6)hp=20;W1(31,4)hp=25]
T88: B[C(2,2);M(8,6);P(2,6);W0(21,6)hp=20;W1(25,6)hp=30] O[C(45,6);M(34,6);P(45,3);W0(32,6)hp=20;W1(32,4)hp=25]
T89: B[C(2,2);M(9,6);P(2,6);W0(21,6)hp=20;W1(26,6)hp=30] O[C(45,6);M(35,6);P(45,3);W0(33,6)hp=20;W1(33,4)hp=25]
T90: B[C(2,2);M(10,6);P(2,6);W0(21,6)hp=20;W1(27,6)hp=30] O[C(45,6);M(36,6);P(45,3);W0(34,6)hp=20;W1(33,3)hp=25]
T91: B[C(2,2);M(11,6);P(2,6);W0(21,6)hp=20;W1(28,6)hp=30] O[C(45,6);M(37,6);P(45,3);W0(35,6)hp=20;W1(33,2)hp=25]
T92: B[C(2,2);M(12,6);P(2,6);W0(21,6)hp=20;W1(29,6)hp=30] O[C(45,6);M(38,6);P(45,3);W0(36,6)hp=20;W1(34,2)hp=25]
T93: B[C(2,2);M(13,6);P(2,6);W0(21,6)hp=20;W1(30,6)hp=30] O[C(45,6);M(39,6);P(45,3);W0(37,6)hp=20;W1(35,2)hp=25]
T94: B[C(2,2);M(14,6);P(2,6);W0(21,6)hp=20;W1(30,6)hp=30] O[C(45,6);M(40,6);P(45,3);W0(38,6)hp=20;W1(36,2)hp=25]
T95: B[C(2,2);M(15,6);P(2,6);W0(21,6)hp=20;W1(30,6)hp=30] O[C(45,6);M(41,6);P(45,3);W0(38,6)hp=20;W1(37,2)hp=25]
T96: B[C(2,2);M(16,6);P(2,6);W0(21,6)hp=20;W1(30,6)hp=30] O[C(45,6);M(42,6);P(45,3);W0(38,6)hp=20;W1(37,2)hp=25]
T97: B[C(2,2);M(17,6);P(2,6);W0(21,6)hp=20;W1(30,6)hp=30] O[C(45,6);M(43,6);P(45,3);W0(38,6)hp=20;W1(37,2)hp=25]
T98: B[C(2,2);M(18,6);P(2,6);W0(21,6)hp=20;W1(30,6)hp=30] O[C(45,6);M(44,6);P(45,3);W0(38,6)hp=20;W1(37,2)hp=25]
T99: B[C(2,2);M(19,6);P(2,6);W0(21,6)hp=20;W1(30,6)hp=30] O[C(45,6);M(45,6);P(45,3);W0(38,6)hp=20;W1(37,2)hp=25]
T100: B[C(2,2);M(20,6);P(2,6);W0(21,6)hp=20;W1(30,6)hp=30] O[C(45,6);M(46,6);P(45,3);W0(38,6)hp=20;W1(37,2)hp=25]
T101: B[C(2,2);M(20,6);P(2,6);W0(22,6)hp=100;W1(30,6)hp=30] O[C(45,6);M(46,6);P(45,3);W0(38,6)hp=20;W1(37,2)hp=25]
T102: B[C(2,2);M(20,6);P(2,6);W0(23,6)hp=100;W1(30,6)hp=30] O[C(45,6);M(45,6);P(45,3);W0(38,6)hp=20;W1(37,2)hp=25]
T103: B[C(2,2);M(19,6);P(2,6);W0(24,6)hp=100;W1(30,6)hp=30] O[C(45,6);M(44,6);P(45,3);W0(38,6)hp=20;W1(37,2)hp=25]
T104: B[C(2,2);M(18,6);P(2,6);W0(25,6)hp=100;W1(30,6)hp=30] O[C(45,6);M(43,6);P(45,3);W0(38,6)hp=20;W1(37,2)hp=25]
T105: B[C(2,2);M(17,6);P(2,6);W0(26,6)hp=100;W1(30,6)hp=30] O[C(45,6);M(42,6);P(45,3);W0(38,6)hp=20;W1(37,2)hp=25]
T106: B[C(2,2);M(16,6);P(2,6);W0(27,6)hp=100;W1(30,6)hp=30] O[C(45,6);M(41,6);P(45,3);W0(38,6)hp=20;W1(37,2)hp=25]
T107: B[C(2,2);M(15,6);P(2,6);W0(28,6)hp=100;W1(30,6)hp=30] O[C(45,6);M(40,6);P(45,3);W0(38,6)hp=20;W1(37,2)hp=25]
T108: B[C(2,2);M(14,6);P(2,6);W0(29,6)hp=100;W1(30,6)hp=30] O[C(45,6);M(39,6);P(45,3);W0(38,6)hp=20;W1(38,2)hp=25]
T109: B[C(2,2);M(13,6);P(2,6);W0(30,6)hp=100;W1(30,6)hp=30] O[C(45,6);M(39,6);P(45,3);W0(37,6)hp=100;W1(38,2)hp=25]
T110: B[C(2,2);M(12,6);P(2,6);W0(31,6)hp=100;W1(30,6)hp=10] O[C(45,6);M(39,6);P(45,3);W0(36,6)hp=100;W1(39,2)hp=25]
T111: B[C(2,2);M(11,6);P(2,6);W0(31,6)hp=80;W1(29,6)hp=10] O[C(45,6);M(40,6);P(45,3);W0(36,6)hp=80;W1(39,2)hp=25]
T112: B[C(2,2);M(10,6);P(2,6);W0(31,6)hp=60;W1(28,6)hp=10] O[C(45,6);M(41,6);P(45,3);W0(36,6)hp=60;W1(39,2)hp=25]
T113: B[C(2,2);M(9,6);P(2,6);W0(31,6)hp=40;W1(28,6)hp=10] O[C(45,6);M(42,6);P(45,3);W0(36,6)hp=40;W1(39,2)hp=25]
